<?xml version="1.0" encoding="UTF-8"?>
<!-- Generated by org.testng.reporters.JUnitReportReporter -->
<testsuite name="test1.HomePageTest" tests="1" time="6.415" ignored="0" failures="0" timestamp="28 Feb 2018 09:48:49 GMT" skipped="0" hostname="Chinmaya-84-7B-EB-31-2E-9C" errors="0">
  <testcase name="launchApplicationFromBrowser" time="6.415" classname="test1.HomePageTest"/>
</testsuite> <!-- test1.HomePageTest -->
